[LOG] System::create                           : Header version = 2.01.09. Current version = 2.01.09.
[LOG] Manager::init                            : maxchannels = 256 studioflags = 00000006 flags 00000000 extradriverdata 0000000000000000.
[LOG] SystemI::init                            : Initialize version=20109 (115889), maxchannels=256, flags=0x00020000
[LOG] SystemI::setOutputInternal               : Setting output to 'FMOD WASAPI Output'
[LOG] OutputWASAPI::init                       : Mix Format (WAVEFORMATEX): wFormatTag=0xFFFE, nChannels=2, nSamplesPerSec=48000, nAvgBytesPerSec=384000, nBlockAlign=8, wBitsPerSample=32, cbSize=22.
[LOG] OutputWASAPI::init                       : Mix Format (WAVEFORMATEXTENSIBLE): wValidBitsPerSample=32, dwChannelMask=0x00000003, SubFormat=00000003-0000-0010-8000-00AA00389B71.
[LOG] OutputWASAPI::init                       : Output buffer size: 4096 samples, latency: 0.00ms, period: 10.00ms, DSP buffer: 1024 * 4
[LOG] Thread::initThread                       : Init FMOD stream thread. Affinity: 0x8000000000000003, Priority: 0xFFFF7FFB, Stack Size: 98304, Semaphore: No, Sleep Time: 10, Looping: Yes.
[LOG] Thread::initThread                       : Init FMOD mixer thread. Affinity: 0x8000000000000001, Priority: 0xFFFF7FFA, Stack Size: 81920, Semaphore: No, Sleep Time: 0, Looping: Yes.
[LOG] AsyncManager::init                       : manager 0000026268ABA8F8 isAsync 0 updatePeriod 0.02
[LOG] AsyncManager::init                       : done
[LOG] PlaybackSystem::init                     : 
[LOG] Thread::initThread                       : Init FMOD Studio sample load thread. Affinity: 0x8000000000000003, Priority: 0xFFFF7FFD, Stack Size: 98304, Semaphore: No, Sleep Time: 1, Looping: No.
[LOG] PlaybackSystem::init                     : done
[LOG] Thread::initThread                       : Init FMOD Studio bank load thread. Affinity: 0x8000000000000003, Priority: 0xFFFF7FFD, Stack Size: 98304, Semaphore: No, Sleep Time: 1, Looping: No.
[LOG] Manager::init                            : done.
[LOG] Manager::readBank                        : fileversion = 135, compatVersion = 132 (oldest = 44, newest = 135)
[LOG] Manager::readBank                        : fileversion = 135, compatVersion = 132 (oldest = 44, newest = 135)
[LOG] SystemI::createSound                     : filename = C:/Users/giuli/OneDrive/Desktop/Home/ProgettiCloud/Fmod/Sea/Build\Desktop/Master.bank : mode 02010082
[LOG] SystemI::createSound                     : FMOD_NONBLOCKING specified.  Putting into queue to be opened asynchronously!
[LOG] SystemI::createSound                     : setdata soundi = 0000026270040728 : node = 00000262641655D0
[LOG] SystemI::createSound                     : add node to async list : head = 0000026268558128.  list count = 0
[LOG] SystemI::createSound                     : filename = C:/Users/giuli/OneDrive/Desktop/Home/ProgettiCloud/Fmod/Sea/Build\Desktop/Master.bank : mode 02010082
[LOG] SystemI::createSound                     : FMOD_NONBLOCKING specified.  Putting into queue to be opened asynchronously!
[LOG] AsyncThread::threadFunc                  : Starting Asynchronous operation on sound 0000026270040728
[LOG] SystemI::createSoundInternal             :     Create name='C:/Users/giuli/OneDrive/Desktop/Home/ProgettiCloud/Fmod/Sea/Build\Desktop/Master.bank', mode=0x02010082
[LOG] SystemI::createSound                     : setdata soundi = 00000262700403C8 : node = 0000026264166250
[LOG] SystemI::createSoundInternal             :     exinfo->cbsize             = 224
[LOG] SystemI::createSound                     :     add node to async list : head = 0000026268558128.  list count = 0
[LOG] SystemI::createSoundInternal             :     exinfo->length             = 14446400
[LOG] SystemI::createSoundInternal             :     exinfo->fileoffset         = 22880
[LOG] SystemI::createSoundInternal             :     exinfo->numsubsounds       = 1
[LOG] SystemI::createSoundInternal             :     exinfo->inclusionlist      = 00000262641656E0
[LOG] SystemI::createSoundInternal             :     exinfo->inclusionlistnum   = 1
[LOG] SystemI::createSoundInternal             :     exinfo->suggestedsoundtype = 5
[LOG] SystemI::createSoundInternal             :     exinfo->initialseekposition = 160
[LOG] SystemI::createSoundInternal             :     exinfo->initialseekpostype = 1
[LOG] SystemI::createSoundInternal             :     Stream 0/1: name='FireShot', format=5, channels=2, frequency=48000, lengthbytes=115488, lengthpcm=592611, pcmblocksize=0, loopstart=0, loopend=0, mode=0x00000000, channelmask=0x00000000, channelorder=0, peakvolume=0.998993.
[LOG] AsyncThread::threadFunc                  : Finished Asynchronous operation on sound 0000026270040728
[LOG] AsyncThread::threadFunc                  : Starting Asynchronous operation on sound 00000262700403C8
[LOG] SystemI::createSoundInternal             :     Create name='C:/Users/giuli/OneDrive/Desktop/Home/ProgettiCloud/Fmod/Sea/Build\Desktop/Master.bank', mode=0x02010082
[LOG] SystemI::createSoundInternal             :     exinfo->cbsize             = 224
[LOG] SystemI::createSoundInternal             :     exinfo->length             = 14446400
[LOG] SystemI::createSoundInternal             :     exinfo->fileoffset         = 22880
[LOG] SystemI::createSoundInternal             :     exinfo->numsubsounds       = 1
[LOG] SystemI::createSoundInternal             :     exinfo->inclusionlist      = 0000026264166360
[LOG] SystemI::createSoundInternal             :     exinfo->inclusionlistnum   = 1
[LOG] SystemI::createSoundInternal             :     exinfo->suggestedsoundtype = 5
[LOG] SystemI::createSoundInternal             :     exinfo->initialseekposition = 160
[LOG] SystemI::createSoundInternal             :     exinfo->initialseekpostype = 1
[LOG] SystemI::createSoundInternal             :     Stream 0/1: name='FireShot', format=5, channels=2, frequency=48000, lengthbytes=115488, lengthpcm=592611, pcmblocksize=0, loopstart=0, loopend=0, mode=0x00000000, channelmask=0x00000000, channelorder=0, peakvolume=0.998993.
[LOG] AsyncThread::threadFunc                  : Finished Asynchronous operation on sound 00000262700403C8
[LOG] SoundI::release                          : FireShot (00000262700403C8)
[LOG] SoundI::release                          :     FireShot (000002627539C5D8)
[LOG] SoundI::release                          :     FireShot (0000026275CD28D8)
[LOG] SoundI::release                          : FireShot (0000026270040728)
[LOG] SoundI::release                          :     FireShot (0000026268A92AB8)
[LOG] SoundI::release                          :     FireShot (000002642DFB1498)
[LOG] SoundI::release                          : MainMusic (0000026428B68D58)
[LOG] SoundI::release                          :     MainMusic (0000026268A92918)
[LOG] SoundI::release                          :     MainMusic (000002642DFB19A8)
[LOG] SoundI::release                          : MainSea (00000264356BE4F8)
[LOG] SoundI::release                          :     MainSea (0000026268A92778)
[LOG] SoundI::release                          :     MainSea (000002642DFB1648)
[LOG] SoundI::release                          :  (00000264C02FDB98)
[LOG] SoundI::release                          :     Creack (000002626FFE5468)
[LOG] SoundI::release                          :  (00000264C02FC1B8)
[LOG] SoundI::release                          :     SeagullFast (000002626FFE5608)
[LOG] SoundI::release                          :  (00000264C02F89A8)
[LOG] SoundI::release                          :     SeagullSlow (00000264377720F8)
[LOG] SoundI::release                          :  (00000264C02FD8B8)
[LOG] SoundI::release                          :     SeagullLong (000002626FFE52C8)
[LOG] SoundI::release                          :  (00000264C02F83E8)
[LOG] SoundI::release                          :     EndGame (0000026437772298)
[LOG] Thread::callback                         : FMOD Studio update thread finished.
[LOG] Thread::callback                         : FMOD Studio bank load thread finished.
[LOG] Profile::disconnectAll                   : Profiler disconnecting all clients
[LOG] Thread::callback                         : FMOD Studio sample load thread finished.
[LOG] LiveUpdate::release                      : 
[LOG] LiveUpdate::reset                        : Reset connection (reason Disconnected)
[LOG] Thread::callback                         : FMOD stream thread finished.
[LOG] Thread::callback                         : FMOD mixer thread finished.
[LOG] Profile::disconnectAll                   : Profiler disconnecting all clients
[LOG] SystemI::close                           : Closed.
